d:\.coding\c++\sdizozadanie1\sdizozadanie1\debug\vc140.pdb
d:\.coding\c++\sdizozadanie1\sdizozadanie1\debug\vc140.idb
d:\.coding\c++\sdizozadanie1\sdizozadanie1\debug\main.obj
d:\.coding\c++\sdizozadanie1\sdizozadanie1\debug\table.obj
d:\.coding\c++\sdizozadanie1\sdizozadanie1\debug\list.obj
d:\.coding\c++\sdizozadanie1\sdizozadanie1\debug\listelement.obj
d:\.coding\c++\sdizozadanie1\sdizozadanie1\debug\heap.obj
d:\.coding\c++\sdizozadanie1\sdizozadanie1\debug\menu.obj
d:\.coding\c++\sdizozadanie1\debug\sdizozadanie1.ilk
d:\.coding\c++\sdizozadanie1\debug\sdizozadanie1.exe
d:\.coding\c++\sdizozadanie1\debug\sdizozadanie1.pdb
d:\.coding\c++\sdizozadanie1\sdizozadanie1\debug\heap.obj.enc
d:\.coding\c++\sdizozadanie1\sdizozadanie1\debug\list.obj.enc
d:\.coding\c++\sdizozadanie1\sdizozadanie1\debug\main.obj.enc
d:\.coding\c++\sdizozadanie1\sdizozadanie1\debug\menu.obj.enc
d:\.coding\c++\sdizozadanie1\sdizozadanie1\debug\sdizozadanie1.tlog\cl.command.1.tlog
d:\.coding\c++\sdizozadanie1\sdizozadanie1\debug\sdizozadanie1.tlog\cl.read.1.tlog
d:\.coding\c++\sdizozadanie1\sdizozadanie1\debug\sdizozadanie1.tlog\cl.write.1.tlog
d:\.coding\c++\sdizozadanie1\sdizozadanie1\debug\sdizozadanie1.tlog\link.command.1.tlog
d:\.coding\c++\sdizozadanie1\sdizozadanie1\debug\sdizozadanie1.tlog\link.read.1.tlog
d:\.coding\c++\sdizozadanie1\sdizozadanie1\debug\sdizozadanie1.tlog\link.write.1.tlog
